<?xml version="1.0" encoding="UTF-8"?>
<!-- Generated by org.testng.reporters.JUnitReportReporter -->
<testsuite hostname="Sayali" name="appium.Calculator" tests="1" failures="0" timestamp="3 Feb 2019 07:55:25 GMT" time="5.118" errors="0">
  <testcase name="calculation" time="5.118" classname="appium.Calculator"/>
</testsuite> <!-- appium.Calculator -->
